<?xml version="1.0" encoding="UTF-8"?>
<testsuite name="fr.unice.polytech.isa.tcf.CatalogueTest" time="0.081" tests="2" errors="0" skipped="0" failures="2">
  <properties>
[...]
</properties>
  <testcase name="preMadeRecipesAreAVailable" classname="fr.unice.polytech.isa.tcf.CatalogueTest" time="0.067">
    <failure message="expected:&lt;4&gt; but was:&lt;3&gt;" type="java.lang.AssertionError"><![CDATA[java.lang.AssertionError: expected:<4> but was:<3>
	at org.junit.Assert.fail(Assert.java:88)
	at org.junit.Assert.failNotEquals(Assert.java:834)
	at org.junit.Assert.assertEquals(Assert.java:645)
	at org.junit.Assert.assertEquals(Assert.java:631)
	at fr.unice.polytech.isa.tcf.CatalogueTest.preMadeRecipesAreAVailable(CatalogueTest.java:22)
]]></failure>
    <system-err><![CDATA[févr. 24, 2016 12:57:36 PM org.apache.tomee.embedded.Container start
INFOS: Starting TomEE from: /tmp/arquillian-apache-tomee
févr. 24, 2016 12:57:36 PM org.apache.coyote.AbstractProtocol init
INFOS: Initializing ProtocolHandler ["http-bio-8080"]
févr. 24, 2016 12:57:36 PM org.apache.catalina.core.StandardService startInternal
INFOS: Starting service Tomcat
févr. 24, 2016 12:57:36 PM org.apache.catalina.core.StandardEngine startInternal
INFOS: Starting Servlet Engine: Apache Tomcat/7.0.63
févr. 24, 2016 12:57:36 PM org.apache.coyote.AbstractProtocol start
INFOS: Starting ProtocolHandler ["http-bio-8080"]
févr. 24, 2016 12:57:37 PM org.apache.openejb.util.OptionsLog info
INFOS: Using 'openejb.jdbc.datasource-creator=org.apache.tomee.jdbc.TomEEDataSourceCreator'
févr. 24, 2016 12:57:37 PM org.apache.openejb.OpenEJB$Instance <init>
INFOS: ********************************************************************************
févr. 24, 2016 12:57:37 PM org.apache.openejb.OpenEJB$Instance <init>
INFOS: OpenEJB http://tomee.apache.org/
févr. 24, 2016 12:57:37 PM org.apache.openejb.OpenEJB$Instance <init>
INFOS: Startup: Wed Feb 24 12:57:37 CET 2016
févr. 24, 2016 12:57:37 PM org.apache.openejb.OpenEJB$Instance <init>
INFOS: Copyright 1999-2015 (C) Apache OpenEJB/TomEE Project, All Rights Reserved.
févr. 24, 2016 12:57:37 PM org.apache.openejb.OpenEJB$Instance <init>
INFOS: Version: 4.7.3
févr. 24, 2016 12:57:37 PM org.apache.openejb.OpenEJB$Instance <init>
INFOS: Build date: 20151204
févr. 24, 2016 12:57:37 PM org.apache.openejb.OpenEJB$Instance <init>
INFOS: Build time: 06:14
févr. 24, 2016 12:57:37 PM org.apache.openejb.OpenEJB$Instance <init>
INFOS: ********************************************************************************
févr. 24, 2016 12:57:37 PM org.apache.openejb.OpenEJB$Instance <init>
INFOS: openejb.home = /tmp/arquillian-apache-tomee
févr. 24, 2016 12:57:37 PM org.apache.openejb.OpenEJB$Instance <init>
INFOS: openejb.base = /tmp/arquillian-apache-tomee
févr. 24, 2016 12:57:37 PM org.apache.openejb.cdi.CdiBuilder initializeOWB
INFOS: Created new singletonService org.apache.openejb.cdi.ThreadSingletonServiceImpl@6892b3b6
févr. 24, 2016 12:57:37 PM org.apache.openejb.cdi.CdiBuilder initializeOWB
INFOS: Succeeded in installing singleton service
févr. 24, 2016 12:57:37 PM org.apache.openejb.config.ConfigurationFactory init
INFOS: openejb configuration file is '/tmp/arquillian-apache-tomee/conf/openejb.xml'
févr. 24, 2016 12:57:37 PM org.apache.openejb.config.ConfigurationFactory configureService
INFOS: Configuring Service(id=Tomcat Security Service, type=SecurityService, provider-id=Tomcat Security Service)
févr. 24, 2016 12:57:37 PM org.apache.openejb.config.ConfigurationFactory configureService
INFOS: Configuring Service(id=Default Transaction Manager, type=TransactionManager, provider-id=Default Transaction Manager)
févr. 24, 2016 12:57:37 PM org.apache.openejb.util.OptionsLog info
INFOS: Using 'openejb.system.apps=false'
févr. 24, 2016 12:57:37 PM org.apache.openejb.util.OptionsLog info
INFOS: Using 'openejb.deployments.classpath=false'
févr. 24, 2016 12:57:37 PM org.apache.openejb.assembler.classic.Assembler createRecipe
INFOS: Creating TransactionManager(id=Default Transaction Manager)
févr. 24, 2016 12:57:37 PM org.apache.openejb.assembler.classic.Assembler createRecipe
INFOS: Creating SecurityService(id=Tomcat Security Service)
févr. 24, 2016 12:57:37 PM org.apache.openejb.util.OptionsLog info
INFOS: Using 'openejb.servicemanager.enabled=false'
févr. 24, 2016 12:57:37 PM org.apache.openejb.util.JarExtractor extract
INFOS: Extracting jar: /tmp/arquillian-tomee-app-working-dir/0/a03e728a-9cb3-45ed-8b23-42009c048284.war
févr. 24, 2016 12:57:37 PM org.apache.openejb.util.JarExtractor extract
INFOS: Extracted path: /tmp/arquillian-tomee-app-working-dir/0/a03e728a-9cb3-45ed-8b23-42009c048284
févr. 24, 2016 12:57:37 PM org.apache.tomee.catalina.TomcatWebAppBuilder deployWebApps
INFOS: using default host: localhost
févr. 24, 2016 12:57:37 PM org.apache.tomee.catalina.TomcatWebAppBuilder init
INFOS: ------------------------- localhost -> /a03e728a-9cb3-45ed-8b23-42009c048284
févr. 24, 2016 12:57:37 PM org.apache.openejb.config.ConfigurationFactory configureApplication
INFOS: Configuring enterprise application: /tmp/arquillian-tomee-app-working-dir/0/a03e728a-9cb3-45ed-8b23-42009c048284
févr. 24, 2016 12:57:38 PM org.apache.openejb.config.InitEjbDeployments deploy
INFOS: Auto-deploying ejb Database: EjbDeployment(deployment-id=Database)
févr. 24, 2016 12:57:38 PM org.apache.openejb.config.InitEjbDeployments deploy
INFOS: Auto-deploying ejb cart-stateless: EjbDeployment(deployment-id=cart-stateless)
févr. 24, 2016 12:57:38 PM org.apache.openejb.config.InitEjbDeployments deploy
INFOS: Auto-deploying ejb CashierBean: EjbDeployment(deployment-id=CashierBean)
févr. 24, 2016 12:57:38 PM org.apache.openejb.config.InitEjbDeployments deploy
INFOS: Auto-deploying ejb CatalogueBean: EjbDeployment(deployment-id=CatalogueBean)
févr. 24, 2016 12:57:38 PM org.apache.openejb.config.InitEjbDeployments deploy
INFOS: Auto-deploying ejb CustomerRegistryBean: EjbDeployment(deployment-id=CustomerRegistryBean)
févr. 24, 2016 12:57:38 PM org.apache.openejb.config.InitEjbDeployments deploy
INFOS: Auto-deploying ejb KitchenBean: EjbDeployment(deployment-id=KitchenBean)
févr. 24, 2016 12:57:38 PM org.apache.openejb.config.InitEjbDeployments deploy
INFOS: Auto-deploying ejb cart-stateful: EjbDeployment(deployment-id=cart-stateful)
févr. 24, 2016 12:57:38 PM org.apache.openejb.config.ConfigurationFactory configureService
INFOS: Configuring Service(id=Default Managed Container, type=Container, provider-id=Default Managed Container)
févr. 24, 2016 12:57:38 PM org.apache.openejb.config.AutoConfig createContainer
INFOS: Auto-creating a container for bean a03e728a-9cb3-45ed-8b23-42009c048284.Comp2134271532: Container(type=MANAGED, id=Default Managed Container)
févr. 24, 2016 12:57:38 PM org.apache.openejb.assembler.classic.Assembler createRecipe
INFOS: Creating Container(id=Default Managed Container)
févr. 24, 2016 12:57:38 PM org.apache.openejb.core.managed.SimplePassivater init
INFOS: Using directory /tmp for stateful session passivation
févr. 24, 2016 12:57:38 PM org.apache.openejb.config.ConfigurationFactory configureService
INFOS: Configuring Service(id=Default Singleton Container, type=Container, provider-id=Default Singleton Container)
févr. 24, 2016 12:57:38 PM org.apache.openejb.config.AutoConfig createContainer
INFOS: Auto-creating a container for bean Database: Container(type=SINGLETON, id=Default Singleton Container)
févr. 24, 2016 12:57:38 PM org.apache.openejb.assembler.classic.Assembler createRecipe
INFOS: Creating Container(id=Default Singleton Container)
févr. 24, 2016 12:57:38 PM org.apache.openejb.config.ConfigurationFactory configureService
INFOS: Configuring Service(id=Default Stateless Container, type=Container, provider-id=Default Stateless Container)
févr. 24, 2016 12:57:38 PM org.apache.openejb.config.AutoConfig createContainer
INFOS: Auto-creating a container for bean cart-stateless: Container(type=STATELESS, id=Default Stateless Container)
févr. 24, 2016 12:57:38 PM org.apache.openejb.assembler.classic.Assembler createRecipe
INFOS: Creating Container(id=Default Stateless Container)
févr. 24, 2016 12:57:38 PM org.apache.openejb.config.ConfigurationFactory configureService
INFOS: Configuring Service(id=Default Stateful Container, type=Container, provider-id=Default Stateful Container)
févr. 24, 2016 12:57:38 PM org.apache.openejb.config.AutoConfig createContainer
INFOS: Auto-creating a container for bean cart-stateful: Container(type=STATEFUL, id=Default Stateful Container)
févr. 24, 2016 12:57:38 PM org.apache.openejb.assembler.classic.Assembler createRecipe
INFOS: Creating Container(id=Default Stateful Container)
févr. 24, 2016 12:57:38 PM org.apache.openejb.core.stateful.SimplePassivater init
INFOS: Using directory /tmp for stateful session passivation
févr. 24, 2016 12:57:38 PM org.apache.openejb.config.AppInfoBuilder build
INFOS: Enterprise application "/tmp/arquillian-tomee-app-working-dir/0/a03e728a-9cb3-45ed-8b23-42009c048284" loaded.
févr. 24, 2016 12:57:38 PM org.apache.openejb.assembler.classic.Assembler createApplication
INFOS: Assembling app: /tmp/arquillian-tomee-app-working-dir/0/a03e728a-9cb3-45ed-8b23-42009c048284
févr. 24, 2016 12:57:38 PM org.apache.openejb.assembler.classic.JndiBuilder bind
INFOS: Jndi(name=DatabaseLocalBean) --> Ejb(deployment-id=Database)
févr. 24, 2016 12:57:38 PM org.apache.openejb.assembler.classic.JndiBuilder bind
INFOS: Jndi(name=global/a03e728a-9cb3-45ed-8b23-42009c048284/Database!fr.unice.polytech.isa.tcf.utils.Database) --> Ejb(deployment-id=Database)
févr. 24, 2016 12:57:38 PM org.apache.openejb.assembler.classic.JndiBuilder bind
INFOS: Jndi(name=global/a03e728a-9cb3-45ed-8b23-42009c048284/Database) --> Ejb(deployment-id=Database)
févr. 24, 2016 12:57:38 PM org.apache.openejb.assembler.classic.JndiBuilder bind
INFOS: Jndi(name=cart-statelessLocalBean) --> Ejb(deployment-id=cart-stateless)
févr. 24, 2016 12:57:38 PM org.apache.openejb.assembler.classic.JndiBuilder bind
INFOS: Jndi(name=global/a03e728a-9cb3-45ed-8b23-42009c048284/cart-stateless!fr.unice.polytech.isa.tcf.components.carts.CartStatelessBean) --> Ejb(deployment-id=cart-stateless)
févr. 24, 2016 12:57:38 PM org.apache.openejb.assembler.classic.JndiBuilder bind
INFOS: Jndi(name=cart-statelessLocal) --> Ejb(deployment-id=cart-stateless)
févr. 24, 2016 12:57:38 PM org.apache.openejb.assembler.classic.JndiBuilder bind
INFOS: Jndi(name=global/a03e728a-9cb3-45ed-8b23-42009c048284/cart-stateless!fr.unice.polytech.isa.tcf.CartModifier) --> Ejb(deployment-id=cart-stateless)
févr. 24, 2016 12:57:38 PM org.apache.openejb.assembler.classic.JndiBuilder bind
INFOS: Jndi(name=global/a03e728a-9cb3-45ed-8b23-42009c048284/cart-stateless) --> Ejb(deployment-id=cart-stateless)
févr. 24, 2016 12:57:38 PM org.apache.openejb.assembler.classic.JndiBuilder bind
INFOS: Jndi(name=CashierBeanLocal) --> Ejb(deployment-id=CashierBean)
févr. 24, 2016 12:57:38 PM org.apache.openejb.assembler.classic.JndiBuilder bind
INFOS: Jndi(name=global/a03e728a-9cb3-45ed-8b23-42009c048284/CashierBean!fr.unice.polytech.isa.tcf.Payment) --> Ejb(deployment-id=CashierBean)
févr. 24, 2016 12:57:38 PM org.apache.openejb.assembler.classic.JndiBuilder bind
INFOS: Jndi(name=global/a03e728a-9cb3-45ed-8b23-42009c048284/CashierBean) --> Ejb(deployment-id=CashierBean)
févr. 24, 2016 12:57:38 PM org.apache.openejb.assembler.classic.JndiBuilder bind
INFOS: Jndi(name=CatalogueBeanLocal) --> Ejb(deployment-id=CatalogueBean)
févr. 24, 2016 12:57:38 PM org.apache.openejb.assembler.classic.JndiBuilder bind
INFOS: Jndi(name=global/a03e728a-9cb3-45ed-8b23-42009c048284/CatalogueBean!fr.unice.polytech.isa.tcf.CatalogueExploration) --> Ejb(deployment-id=CatalogueBean)
févr. 24, 2016 12:57:38 PM org.apache.openejb.assembler.classic.JndiBuilder bind
INFOS: Jndi(name=global/a03e728a-9cb3-45ed-8b23-42009c048284/CatalogueBean) --> Ejb(deployment-id=CatalogueBean)
févr. 24, 2016 12:57:38 PM org.apache.openejb.assembler.classic.JndiBuilder bind
INFOS: Jndi(name=CustomerRegistryBeanLocal) --> Ejb(deployment-id=CustomerRegistryBean)
févr. 24, 2016 12:57:38 PM org.apache.openejb.assembler.classic.JndiBuilder bind
INFOS: Jndi(name=global/a03e728a-9cb3-45ed-8b23-42009c048284/CustomerRegistryBean!fr.unice.polytech.isa.tcf.CustomerRegistration) --> Ejb(deployment-id=CustomerRegistryBean)
févr. 24, 2016 12:57:38 PM org.apache.openejb.assembler.classic.JndiBuilder bind
INFOS: Jndi(name=global/a03e728a-9cb3-45ed-8b23-42009c048284/CustomerRegistryBean!fr.unice.polytech.isa.tcf.CustomerFinder) --> Ejb(deployment-id=CustomerRegistryBean)
févr. 24, 2016 12:57:38 PM org.apache.openejb.assembler.classic.JndiBuilder bind
INFOS: Jndi(name=global/a03e728a-9cb3-45ed-8b23-42009c048284/CustomerRegistryBean) --> Ejb(deployment-id=CustomerRegistryBean)
févr. 24, 2016 12:57:38 PM org.apache.openejb.assembler.classic.JndiBuilder bind
INFOS: Jndi(name=KitchenBeanLocal) --> Ejb(deployment-id=KitchenBean)
févr. 24, 2016 12:57:38 PM org.apache.openejb.assembler.classic.JndiBuilder bind
INFOS: Jndi(name=global/a03e728a-9cb3-45ed-8b23-42009c048284/KitchenBean!fr.unice.polytech.isa.tcf.OrderProcessing) --> Ejb(deployment-id=KitchenBean)
févr. 24, 2016 12:57:38 PM org.apache.openejb.assembler.classic.JndiBuilder bind
INFOS: Jndi(name=global/a03e728a-9cb3-45ed-8b23-42009c048284/KitchenBean!fr.unice.polytech.isa.tcf.Tracker) --> Ejb(deployment-id=KitchenBean)
févr. 24, 2016 12:57:38 PM org.apache.openejb.assembler.classic.JndiBuilder bind
INFOS: Jndi(name=global/a03e728a-9cb3-45ed-8b23-42009c048284/KitchenBean) --> Ejb(deployment-id=KitchenBean)
févr. 24, 2016 12:57:38 PM org.apache.openejb.assembler.classic.JndiBuilder bind
INFOS: Jndi(name=cart-statefulLocalBean) --> Ejb(deployment-id=cart-stateful)
févr. 24, 2016 12:57:38 PM org.apache.openejb.assembler.classic.JndiBuilder bind
INFOS: Jndi(name=global/a03e728a-9cb3-45ed-8b23-42009c048284/cart-stateful!fr.unice.polytech.isa.tcf.components.carts.CartStatefulBean) --> Ejb(deployment-id=cart-stateful)
févr. 24, 2016 12:57:38 PM org.apache.openejb.assembler.classic.JndiBuilder bind
INFOS: Jndi(name=cart-statefulLocal) --> Ejb(deployment-id=cart-stateful)
févr. 24, 2016 12:57:38 PM org.apache.openejb.assembler.classic.JndiBuilder bind
INFOS: Jndi(name=global/a03e728a-9cb3-45ed-8b23-42009c048284/cart-stateful!fr.unice.polytech.isa.tcf.CartModifier) --> Ejb(deployment-id=cart-stateful)
févr. 24, 2016 12:57:38 PM org.apache.openejb.assembler.classic.JndiBuilder bind
INFOS: Jndi(name=global/a03e728a-9cb3-45ed-8b23-42009c048284/cart-stateful) --> Ejb(deployment-id=cart-stateful)
févr. 24, 2016 12:57:38 PM org.apache.openejb.cdi.CdiBuilder initSingleton
INFOS: Existing thread singleton service in SystemInstance(): org.apache.openejb.cdi.ThreadSingletonServiceImpl@6892b3b6
févr. 24, 2016 12:57:38 PM org.apache.openejb.cdi.OpenEJBLifecycle startApplication
INFOS: OpenWebBeans Container is starting...
févr. 24, 2016 12:57:38 PM org.apache.webbeans.plugins.PluginLoader startUp
INFOS: Adding OpenWebBeansPlugin : [CdiPlugin]
févr. 24, 2016 12:57:38 PM org.apache.webbeans.plugins.PluginLoader startUp
INFOS: Adding OpenWebBeansPlugin : [OpenWebBeansJsfPlugin]
févr. 24, 2016 12:57:38 PM org.apache.webbeans.config.BeansDeployer validateInjectionPoints
INFOS: All injection points were validated successfully.
févr. 24, 2016 12:57:38 PM org.apache.openejb.cdi.OpenEJBLifecycle startApplication
INFOS: OpenWebBeans Container has started, it took 92 ms.
févr. 24, 2016 12:57:38 PM org.apache.openejb.assembler.classic.Assembler startEjbs
INFOS: Created Ejb(deployment-id=CatalogueBean, ejb-name=CatalogueBean, container=Default Stateless Container)
févr. 24, 2016 12:57:38 PM org.apache.openejb.assembler.classic.Assembler startEjbs
INFOS: Created Ejb(deployment-id=CustomerRegistryBean, ejb-name=CustomerRegistryBean, container=Default Stateless Container)
févr. 24, 2016 12:57:38 PM org.apache.openejb.assembler.classic.Assembler startEjbs
INFOS: Created Ejb(deployment-id=KitchenBean, ejb-name=KitchenBean, container=Default Stateless Container)
févr. 24, 2016 12:57:38 PM org.apache.openejb.assembler.classic.Assembler startEjbs
INFOS: Created Ejb(deployment-id=CashierBean, ejb-name=CashierBean, container=Default Stateless Container)
févr. 24, 2016 12:57:38 PM org.apache.openejb.assembler.classic.Assembler startEjbs
INFOS: Created Ejb(deployment-id=cart-stateful, ejb-name=cart-stateful, container=Default Stateful Container)
févr. 24, 2016 12:57:38 PM org.apache.openejb.assembler.classic.Assembler startEjbs
INFOS: Created Ejb(deployment-id=cart-stateless, ejb-name=cart-stateless, container=Default Stateless Container)
févr. 24, 2016 12:57:38 PM org.apache.openejb.assembler.classic.Assembler startEjbs
INFOS: Created Ejb(deployment-id=Database, ejb-name=Database, container=Default Singleton Container)
févr. 24, 2016 12:57:38 PM org.apache.openejb.assembler.classic.Assembler startEjbs
INFOS: Started Ejb(deployment-id=CatalogueBean, ejb-name=CatalogueBean, container=Default Stateless Container)
févr. 24, 2016 12:57:38 PM org.apache.openejb.assembler.classic.Assembler startEjbs
INFOS: Started Ejb(deployment-id=CustomerRegistryBean, ejb-name=CustomerRegistryBean, container=Default Stateless Container)
févr. 24, 2016 12:57:38 PM org.apache.openejb.assembler.classic.Assembler startEjbs
INFOS: Started Ejb(deployment-id=KitchenBean, ejb-name=KitchenBean, container=Default Stateless Container)
févr. 24, 2016 12:57:38 PM org.apache.openejb.assembler.classic.Assembler startEjbs
INFOS: Started Ejb(deployment-id=CashierBean, ejb-name=CashierBean, container=Default Stateless Container)
févr. 24, 2016 12:57:38 PM org.apache.openejb.assembler.classic.Assembler startEjbs
INFOS: Started Ejb(deployment-id=cart-stateful, ejb-name=cart-stateful, container=Default Stateful Container)
févr. 24, 2016 12:57:38 PM org.apache.openejb.assembler.classic.Assembler startEjbs
INFOS: Started Ejb(deployment-id=cart-stateless, ejb-name=cart-stateless, container=Default Stateless Container)
févr. 24, 2016 12:57:38 PM org.apache.openejb.assembler.classic.Assembler startEjbs
INFOS: Started Ejb(deployment-id=Database, ejb-name=Database, container=Default Singleton Container)
févr. 24, 2016 12:57:38 PM org.apache.openejb.assembler.classic.Assembler createApplication
INFOS: Deployed Application(path=/tmp/arquillian-tomee-app-working-dir/0/a03e728a-9cb3-45ed-8b23-42009c048284)
]]></system-err>
  </testcase>
  <testcase name="regexpExploration" classname="fr.unice.polytech.isa.tcf.CatalogueTest" time="0.014">
    <failure message="expected:&lt;5&gt; but was:&lt;2&gt;" type="java.lang.AssertionError"><![CDATA[java.lang.AssertionError: expected:<5> but was:<2>
	at org.junit.Assert.fail(Assert.java:88)
	at org.junit.Assert.failNotEquals(Assert.java:834)
	at org.junit.Assert.assertEquals(Assert.java:645)
	at org.junit.Assert.assertEquals(Assert.java:631)
	at fr.unice.polytech.isa.tcf.CatalogueTest.regexpExploration(CatalogueTest.java:28)
]]></failure>
  </testcase>
</testsuite>